CRITICAL - 2025-12-21 09:31:17 --> CodeIgniter\View\Exceptions\ViewException: Invalid file: "welcoming.php"
[Method: GET, Route: /]
in SYSTEMPATH\Exceptions\FrameworkException.php on line 39.
 1 SYSTEMPATH\View\View.php(214): CodeIgniter\Exceptions\FrameworkException::forInvalidFile('welcoming.php')
 2 SYSTEMPATH\Common.php(1199): CodeIgniter\View\View->render('welcoming', [], true)
 3 APPPATH\Controllers\Pages.php(9): view('welcoming')
 4 SYSTEMPATH\CodeIgniter.php(933): App\Controllers\Pages->index()
 5 SYSTEMPATH\CodeIgniter.php(507): CodeIgniter\CodeIgniter->runController(Object(App\Controllers\Pages))
 6 SYSTEMPATH\CodeIgniter.php(354): CodeIgniter\CodeIgniter->handleRequest(null, Object(Config\Cache), false)
 7 SYSTEMPATH\Boot.php(363): CodeIgniter\CodeIgniter->run()
 8 SYSTEMPATH\Boot.php(68): CodeIgniter\Boot::runCodeIgniter(Object(CodeIgniter\CodeIgniter))
 9 FCPATH\index.php(59): CodeIgniter\Boot::bootWeb(Object(Config\Paths))
ERROR - 2025-12-21 10:22:06 --> mysqli_sql_exception: No database selected in O:\xampp\htdocs\find-srv\system\Database\MySQLi\Connection.php:327
Stack trace:
#0 O:\xampp\htdocs\find-srv\system\Database\MySQLi\Connection.php(327): mysqli->query('INSERT INTO `us...', 0)
#1 O:\xampp\htdocs\find-srv\system\Database\BaseConnection.php(729): CodeIgniter\Database\MySQLi\Connection->execute('INSERT INTO `us...')
#2 O:\xampp\htdocs\find-srv\system\Database\BaseConnection.php(646): CodeIgniter\Database\BaseConnection->simpleQuery('INSERT INTO `us...')
#3 O:\xampp\htdocs\find-srv\system\Database\BaseBuilder.php(2345): CodeIgniter\Database\BaseConnection->query('INSERT INTO `us...', Array, false)
#4 O:\xampp\htdocs\find-srv\system\Model.php(394): CodeIgniter\Database\BaseBuilder->insert()
#5 O:\xampp\htdocs\find-srv\system\BaseModel.php(838): CodeIgniter\Model->doInsert(Array)
#6 O:\xampp\htdocs\find-srv\system\Model.php(797): CodeIgniter\BaseModel->insert(Array, true)
#7 O:\xampp\htdocs\find-srv\app\Controllers\Auth.php(30): CodeIgniter\Model->insert(Array)
#8 O:\xampp\htdocs\find-srv\system\CodeIgniter.php(933): App\Controllers\Auth->saveRegister()
#9 O:\xampp\htdocs\find-srv\system\CodeIgniter.php(507): CodeIgniter\CodeIgniter->runController(Object(App\Controllers\Auth))
#10 O:\xampp\htdocs\find-srv\system\CodeIgniter.php(354): CodeIgniter\CodeIgniter->handleRequest(NULL, Object(Config\Cache), false)
#11 O:\xampp\htdocs\find-srv\system\Boot.php(363): CodeIgniter\CodeIgniter->run()
#12 O:\xampp\htdocs\find-srv\system\Boot.php(68): CodeIgniter\Boot::runCodeIgniter(Object(CodeIgniter\CodeIgniter))
#13 O:\xampp\htdocs\find-srv\public\index.php(59): CodeIgniter\Boot::bootWeb(Object(Config\Paths))
#14 {main}
CRITICAL - 2025-12-21 10:22:06 --> CodeIgniter\Database\Exceptions\DatabaseException: No database selected
[Method: POST, Route: auth/saveRegister]
in SYSTEMPATH\Database\BaseConnection.php on line 684.
 1 SYSTEMPATH\Database\BaseBuilder.php(2345): CodeIgniter\Database\BaseConnection->query('INSERT INTO `users` (`email`, `password`, `role`) VALUES (:email:, :password:, :role:)', [...], false)
 2 SYSTEMPATH\Model.php(394): CodeIgniter\Database\BaseBuilder->insert()
 3 SYSTEMPATH\BaseModel.php(838): CodeIgniter\Model->doInsert([...])
 4 SYSTEMPATH\Model.php(797): CodeIgniter\BaseModel->insert([...], true)
 5 APPPATH\Controllers\Auth.php(30): CodeIgniter\Model->insert([...])
 6 SYSTEMPATH\CodeIgniter.php(933): App\Controllers\Auth->saveRegister()
 7 SYSTEMPATH\CodeIgniter.php(507): CodeIgniter\CodeIgniter->runController(Object(App\Controllers\Auth))
 8 SYSTEMPATH\CodeIgniter.php(354): CodeIgniter\CodeIgniter->handleRequest(null, Object(Config\Cache), false)
 9 SYSTEMPATH\Boot.php(363): CodeIgniter\CodeIgniter->run()
10 SYSTEMPATH\Boot.php(68): CodeIgniter\Boot::runCodeIgniter(Object(CodeIgniter\CodeIgniter))
11 FCPATH\index.php(59): CodeIgniter\Boot::bootWeb(Object(Config\Paths))
CRITICAL - 2025-12-21 10:22:06 --> [Caused by] CodeIgniter\Database\Exceptions\DatabaseException: No database selected
in SYSTEMPATH\Database\MySQLi\Connection.php on line 332.
 1 SYSTEMPATH\Database\BaseConnection.php(729): CodeIgniter\Database\MySQLi\Connection->execute('INSERT INTO `users` (`email`, `password`, `role`) VALUES (\'admin@gmail.com\', \'$2y$10$n1NJfR/zvWGtyQJQ0SfRTuaDJsyz2p80VWvSVGeSDdL0j1d1ER08u\', \'penyedia\')')
 2 SYSTEMPATH\Database\BaseConnection.php(646): CodeIgniter\Database\BaseConnection->simpleQuery('INSERT INTO `users` (`email`, `password`, `role`) VALUES (\'admin@gmail.com\', \'$2y$10$n1NJfR/zvWGtyQJQ0SfRTuaDJsyz2p80VWvSVGeSDdL0j1d1ER08u\', \'penyedia\')')
 3 SYSTEMPATH\Database\BaseBuilder.php(2345): CodeIgniter\Database\BaseConnection->query('INSERT INTO `users` (`email`, `password`, `role`) VALUES (:email:, :password:, :role:)', [...], false)
 4 SYSTEMPATH\Model.php(394): CodeIgniter\Database\BaseBuilder->insert()
 5 SYSTEMPATH\BaseModel.php(838): CodeIgniter\Model->doInsert([...])
 6 SYSTEMPATH\Model.php(797): CodeIgniter\BaseModel->insert([...], true)
 7 APPPATH\Controllers\Auth.php(30): CodeIgniter\Model->insert([...])
 8 SYSTEMPATH\CodeIgniter.php(933): App\Controllers\Auth->saveRegister()
 9 SYSTEMPATH\CodeIgniter.php(507): CodeIgniter\CodeIgniter->runController(Object(App\Controllers\Auth))
10 SYSTEMPATH\CodeIgniter.php(354): CodeIgniter\CodeIgniter->handleRequest(null, Object(Config\Cache), false)
11 SYSTEMPATH\Boot.php(363): CodeIgniter\CodeIgniter->run()
12 SYSTEMPATH\Boot.php(68): CodeIgniter\Boot::runCodeIgniter(Object(CodeIgniter\CodeIgniter))
13 FCPATH\index.php(59): CodeIgniter\Boot::bootWeb(Object(Config\Paths))
CRITICAL - 2025-12-21 10:22:06 --> [Caused by] mysqli_sql_exception: No database selected
in SYSTEMPATH\Database\MySQLi\Connection.php on line 327.
 1 SYSTEMPATH\Database\MySQLi\Connection.php(327): mysqli->query('INSERT INTO `users` (`email`, `password`, `role`) VALUES (\'admin@gmail.com\', \'$2y$10$n1NJfR/zvWGtyQJQ0SfRTuaDJsyz2p80VWvSVGeSDdL0j1d1ER08u\', \'penyedia\')', 0)
 2 SYSTEMPATH\Database\BaseConnection.php(729): CodeIgniter\Database\MySQLi\Connection->execute('INSERT INTO `users` (`email`, `password`, `role`) VALUES (\'admin@gmail.com\', \'$2y$10$n1NJfR/zvWGtyQJQ0SfRTuaDJsyz2p80VWvSVGeSDdL0j1d1ER08u\', \'penyedia\')')
 3 SYSTEMPATH\Database\BaseConnection.php(646): CodeIgniter\Database\BaseConnection->simpleQuery('INSERT INTO `users` (`email`, `password`, `role`) VALUES (\'admin@gmail.com\', \'$2y$10$n1NJfR/zvWGtyQJQ0SfRTuaDJsyz2p80VWvSVGeSDdL0j1d1ER08u\', \'penyedia\')')
 4 SYSTEMPATH\Database\BaseBuilder.php(2345): CodeIgniter\Database\BaseConnection->query('INSERT INTO `users` (`email`, `password`, `role`) VALUES (:email:, :password:, :role:)', [...], false)
 5 SYSTEMPATH\Model.php(394): CodeIgniter\Database\BaseBuilder->insert()
 6 SYSTEMPATH\BaseModel.php(838): CodeIgniter\Model->doInsert([...])
 7 SYSTEMPATH\Model.php(797): CodeIgniter\BaseModel->insert([...], true)
 8 APPPATH\Controllers\Auth.php(30): CodeIgniter\Model->insert([...])
 9 SYSTEMPATH\CodeIgniter.php(933): App\Controllers\Auth->saveRegister()
10 SYSTEMPATH\CodeIgniter.php(507): CodeIgniter\CodeIgniter->runController(Object(App\Controllers\Auth))
11 SYSTEMPATH\CodeIgniter.php(354): CodeIgniter\CodeIgniter->handleRequest(null, Object(Config\Cache), false)
12 SYSTEMPATH\Boot.php(363): CodeIgniter\CodeIgniter->run()
13 SYSTEMPATH\Boot.php(68): CodeIgniter\Boot::runCodeIgniter(Object(CodeIgniter\CodeIgniter))
14 FCPATH\index.php(59): CodeIgniter\Boot::bootWeb(Object(Config\Paths))
DEBUG - 2025-12-21 10:23:47 --> Session: Class initialized using 'CodeIgniter\Session\Handlers\FileHandler' driver.
DEBUG - 2025-12-21 10:25:03 --> Session: Class initialized using 'CodeIgniter\Session\Handlers\FileHandler' driver.
DEBUG - 2025-12-21 10:25:16 --> Session: Class initialized using 'CodeIgniter\Session\Handlers\FileHandler' driver.
DEBUG - 2025-12-21 10:25:37 --> Session: Class initialized using 'CodeIgniter\Session\Handlers\FileHandler' driver.
